DroidPlugin/build/outputs/logs/manifest-merger-debug-report.txt
-- Merging decision tree log ---
provider#com.morgoo.droidplugin.stub.ContentProviderStub$StubP00
INJECTED from DroidPluginApp/DroidPlugin/AndroidManifest.xml:663:9-667:57
	android:authorities
		INJECTED from DroidPluginApp/DroidPlugin/AndroidManifest.xml
		ADDED from DroidPluginApp/DroidPlugin/AndroidManifest.xml:665:13-55
	android:label
		ADDED from DroidPluginApp/DroidPlugin/AndroidManifest.xml:667:13-54
	android:exported
		ADDED from DroidPluginApp/DroidPlugin/AndroidManifest.xml:666:13-37
	android:name
		ADDED from DroidPluginApp/DroidPlugin/AndroidManifest.xml:664:13-61
provider#com.morgoo.droidplugin.stub.ContentProviderStub$StubP01
INJECTED from DroidPluginApp/DroidPlugin/AndroidManifest.xml:1153:9-1158:44
	android:process
		ADDED from DroidPluginApp/DroidPlugin/AndroidManifest.xml:1158:13-41
	android:authorities
		INJECTED from DroidPluginApp/DroidPlugin/AndroidManifest.xml
		ADDED from DroidPluginApp/DroidPlugin/AndroidManifest.xml:1155:13-55
	android:label
		ADDED from DroidPluginApp/DroidPlugin/AndroidManifest.xml:1157:13-54
	android:exported
		ADDED from DroidPluginApp/DroidPlugin/AndroidManifest.xml:1156:13-37
	android:name
		ADDED from DroidPluginApp/DroidPlugin/AndroidManifest.xml:1154:13-61
provider#com.morgoo.droidplugin.stub.ContentProviderStub$StubP02
INJECTED from DroidPluginApp/DroidPlugin/AndroidManifest.xml:1641:9-1646:44
	android:process
		ADDED from DroidPluginApp/DroidPlugin/AndroidManifest.xml:1646:13-41
	android:authorities
		INJECTED from DroidPluginApp/DroidPlugin/AndroidManifest.xml
		ADDED from DroidPluginApp/DroidPlugin/AndroidManifest.xml:1643:13-55
	android:label
		ADDED from DroidPluginApp/DroidPlugin/AndroidManifest.xml:1645:13-54
	android:exported
		ADDED from DroidPluginApp/DroidPlugin/AndroidManifest.xml:1644:13-37
	android:name
		ADDED from DroidPluginApp/DroidPlugin/AndroidManifest.xml:1642:13-61
provider#com.morgoo.droidplugin.stub.ContentProviderStub$StubP03
INJECTED from DroidPluginApp/DroidPlugin/AndroidManifest.xml:2131:9-2136:44
	android:process
		ADDED from DroidPluginApp/DroidPlugin/AndroidManifest.xml:2136:13-41
	android:authorities
		INJECTED from DroidPluginApp/DroidPlugin/AndroidManifest.xml
		ADDED from DroidPluginApp/DroidPlugin/AndroidManifest.xml:2133:13-55
	android:label
		ADDED from DroidPluginApp/DroidPlugin/AndroidManifest.xml:2135:13-54
	android:exported
		ADDED from DroidPluginApp/DroidPlugin/AndroidManifest.xml:2134:13-37
	android:name
		ADDED from DroidPluginApp/DroidPlugin/AndroidManifest.xml:2132:13-61
provider#com.morgoo.droidplugin.stub.ContentProviderStub$StubP04
INJECTED from DroidPluginApp/DroidPlugin/AndroidManifest.xml:2620:9-2625:44
	android:process
		ADDED from DroidPluginApp/DroidPlugin/AndroidManifest.xml:2625:13-41
	android:authorities
		INJECTED from DroidPluginApp/DroidPlugin/AndroidManifest.xml
		ADDED from DroidPluginApp/DroidPlugin/AndroidManifest.xml:2622:13-55
	android:label
		ADDED from DroidPluginApp/DroidPlugin/AndroidManifest.xml:2624:13-54
	android:exported
		ADDED from DroidPluginApp/DroidPlugin/AndroidManifest.xml:2623:13-37
	android:name
		ADDED from DroidPluginApp/DroidPlugin/AndroidManifest.xml:2621:13-61
provider#com.morgoo.droidplugin.stub.ContentProviderStub$StubP05
INJECTED from DroidPluginApp/DroidPlugin/AndroidManifest.xml:3108:9-3113:44
	android:process
		ADDED from DroidPluginApp/DroidPlugin/AndroidManifest.xml:3113:13-41
	android:authorities
		INJECTED from DroidPluginApp/DroidPlugin/AndroidManifest.xml
		ADDED from DroidPluginApp/DroidPlugin/AndroidManifest.xml:3110:13-55
	android:label
		ADDED from DroidPluginApp/DroidPlugin/AndroidManifest.xml:3112:13-54
	android:exported
		ADDED from DroidPluginApp/DroidPlugin/AndroidManifest.xml:3111:13-37
	android:name
		ADDED from DroidPluginApp/DroidPlugin/AndroidManifest.xml:3109:13-61
provider#com.morgoo.droidplugin.stub.ContentProviderStub$StubP06
INJECTED from DroidPluginApp/DroidPlugin/AndroidManifest.xml:3598:9-3603:44
	android:process
		ADDED from DroidPluginApp/DroidPlugin/AndroidManifest.xml:3603:13-41
	android:authorities
		INJECTED from DroidPluginApp/DroidPlugin/AndroidManifest.xml
		ADDED from DroidPluginApp/DroidPlugin/AndroidManifest.xml:3600:13-55
	android:label
		ADDED from DroidPluginApp/DroidPlugin/AndroidManifest.xml:3602:13-54
	android:exported
		ADDED from DroidPluginApp/DroidPlugin/AndroidManifest.xml:3601:13-37
	android:name
		ADDED from DroidPluginApp/DroidPlugin/AndroidManifest.xml:3599:13-61
provider#com.morgoo.droidplugin.stub.ContentProviderStub$StubP07
INJECTED from DroidPluginApp/DroidPlugin/AndroidManifest.xml:4090:9-4095:44
	android:process
		ADDED from DroidPluginApp/DroidPlugin/AndroidManifest.xml:4095:13-41
	android:authorities
		INJECTED from DroidPluginApp/DroidPlugin/AndroidManifest.xml
		ADDED from DroidPluginApp/DroidPlugin/AndroidManifest.xml:4092:13-55
	android:label
		ADDED from DroidPluginApp/DroidPlugin/AndroidManifest.xml:4094:13-54
	android:exported
		ADDED from DroidPluginApp/DroidPlugin/AndroidManifest.xml:4093:13-37
	android:name
		ADDED from DroidPluginApp/DroidPlugin/AndroidManifest.xml:4091:13-61
provider#com.morgoo.droidplugin.stub.ContentProviderStub$StubP08
INJECTED from DroidPluginApp/DroidPlugin/AndroidManifest.xml:4579:9-4584:44
	android:process
		ADDED from DroidPluginApp/DroidPlugin/AndroidManifest.xml:4584:13-41
	android:authorities
		INJECTED from DroidPluginApp/DroidPlugin/AndroidManifest.xml
		ADDED from DroidPluginApp/DroidPlugin/AndroidManifest.xml:4581:13-55
	android:label
		ADDED from DroidPluginApp/DroidPlugin/AndroidManifest.xml:4583:13-54
	android:exported
		ADDED from DroidPluginApp/DroidPlugin/AndroidManifest.xml:4582:13-37
	android:name
		ADDED from DroidPluginApp/DroidPlugin/AndroidManifest.xml:4580:13-61
manifest
ADDED from DroidPluginApp/DroidPlugin/AndroidManifest.xml:27:1-4588:12
INJECTED from DroidPluginApp/DroidPlugin/AndroidManifest.xml:27:1-4588:12
INJECTED from DroidPluginApp/DroidPlugin/AndroidManifest.xml:27:1-4588:12
INJECTED from DroidPluginApp/DroidPlugin/AndroidManifest.xml:27:1-4588:12
INJECTED from DroidPluginApp/DroidPlugin/AndroidManifest.xml:27:1-4588:12
INJECTED from DroidPluginApp/DroidPlugin/AndroidManifest.xml:27:1-4588:12
INJECTED from DroidPluginApp/DroidPlugin/AndroidManifest.xml:27:1-4588:12
	package
		ADDED from DroidPluginApp/DroidPlugin/AndroidManifest.xml:28:5-37
		INJECTED from DroidPluginApp/DroidPlugin/AndroidManifest.xml
		INJECTED from DroidPluginApp/DroidPlugin/AndroidManifest.xml
	android:versionName
		ADDED from DroidPluginApp/DroidPlugin/AndroidManifest.xml:30:5-30
		INJECTED from DroidPluginApp/DroidPlugin/AndroidManifest.xml
		INJECTED from DroidPluginApp/DroidPlugin/AndroidManifest.xml
	xmlns:android
		ADDED from DroidPluginApp/DroidPlugin/AndroidManifest.xml:27:11-69
	android:versionCode
		ADDED from DroidPluginApp/DroidPlugin/AndroidManifest.xml:29:5-28
		INJECTED from DroidPluginApp/DroidPlugin/AndroidManifest.xml
		INJECTED from DroidPluginApp/DroidPlugin/AndroidManifest.xml
uses-sdk
ADDED from DroidPluginApp/DroidPlugin/AndroidManifest.xml:32:5-43
INJECTED from DroidPluginApp/DroidPlugin/AndroidManifest.xml:32:5-43
INJECTED from DroidPluginApp/DroidPlugin/AndroidManifest.xml:32:5-43
INJECTED from DroidPluginApp/DroidPlugin/AndroidManifest.xml:32:5-43
INJECTED from DroidPluginApp/DroidPlugin/AndroidManifest.xml:32:5-43
	android:targetSdkVersion
		INJECTED from DroidPluginApp/DroidPlugin/AndroidManifest.xml
		ADDED from DroidPluginApp/DroidPlugin/AndroidManifest.xml:32:5-43
		INJECTED from DroidPluginApp/DroidPlugin/AndroidManifest.xml
	android:minSdkVersion
		ADDED from DroidPluginApp/DroidPlugin/AndroidManifest.xml:32:15-40
		INJECTED from DroidPluginApp/DroidPlugin/AndroidManifest.xml
		INJECTED from DroidPluginApp/DroidPlugin/AndroidManifest.xml
uses-permission#android.permission.ACCESS_COARSE_LOCATION
ADDED from DroidPluginApp/DroidPlugin/AndroidManifest.xml:35:5-81
	android:name
		ADDED from DroidPluginApp/DroidPlugin/AndroidManifest.xml:35:22-78
uses-permission#android.permission.ACCESS_FINE_LOCATION
ADDED from DroidPluginApp/DroidPlugin/AndroidManifest.xml:36:5-79
	android:name
		ADDED from DroidPluginApp/DroidPlugin/AndroidManifest.xml:36:22-76
uses-permission#android.permission.ACCESS_LOCATION_EXTRA_COMMANDS
ADDED from DroidPluginApp/DroidPlugin/AndroidManifest.xml:37:5-89
	android:name
		ADDED from DroidPluginApp/DroidPlugin/AndroidManifest.xml:37:22-86
uses-permission#android.permission.ACCESS_NETWORK_STATE
ADDED from DroidPluginApp/DroidPlugin/AndroidManifest.xml:38:5-79
	android:name
		ADDED from DroidPluginApp/DroidPlugin/AndroidManifest.xml:38:22-76
uses-permission#android.permission.ACCESS_WIFI_STATE
ADDED from DroidPluginApp/DroidPlugin/AndroidManifest.xml:39:5-76
	android:name
		ADDED from DroidPluginApp/DroidPlugin/AndroidManifest.xml:39:22-73
uses-permission#android.permission.ACCESS_WIMAX_STATE
ADDED from DroidPluginApp/DroidPlugin/AndroidManifest.xml:40:5-77
	android:name
		ADDED from DroidPluginApp/DroidPlugin/AndroidManifest.xml:40:22-74
uses-permission#android.permission.AUTHENTICATE_ACCOUNTS
ADDED from DroidPluginApp/DroidPlugin/AndroidManifest.xml:41:5-80
	android:name
		ADDED from DroidPluginApp/DroidPlugin/AndroidManifest.xml:41:22-77
uses-permission#android.permission.BLUETOOTH
ADDED from DroidPluginApp/DroidPlugin/AndroidManifest.xml:42:5-68
	android:name
		ADDED from DroidPluginApp/DroidPlugin/AndroidManifest.xml:42:22-65
uses-permission#android.permission.BLUETOOTH_ADMIN
ADDED from DroidPluginApp/DroidPlugin/AndroidManifest.xml:43:5-74
	android:name
		ADDED from DroidPluginApp/DroidPlugin/AndroidManifest.xml:43:22-71
uses-permission#android.permission.BODY_SENSORS
ADDED from DroidPluginApp/DroidPlugin/AndroidManifest.xml:44:5-71
	android:name
		ADDED from DroidPluginApp/DroidPlugin/AndroidManifest.xml:44:22-68
uses-permission#android.permission.BROADCAST_STICKY
ADDED from DroidPluginApp/DroidPlugin/AndroidManifest.xml:45:5-75
	android:name
		ADDED from DroidPluginApp/DroidPlugin/AndroidManifest.xml:45:22-72
uses-permission#android.permission.CALL_PHONE
ADDED from DroidPluginApp/DroidPlugin/AndroidManifest.xml:46:5-69
	android:name
		ADDED from DroidPluginApp/DroidPlugin/AndroidManifest.xml:46:22-66
uses-permission#android.permission.CAMERA
ADDED from DroidPluginApp/DroidPlugin/AndroidManifest.xml:47:5-65
	android:name
		ADDED from DroidPluginApp/DroidPlugin/AndroidManifest.xml:47:22-62
uses-permission#android.permission.CHANGE_NETWORK_STATE
ADDED from DroidPluginApp/DroidPlugin/AndroidManifest.xml:48:5-79
	android:name
		ADDED from DroidPluginApp/DroidPlugin/AndroidManifest.xml:48:22-76
uses-permission#android.permission.CHANGE_WIFI_MULTICAST_STATE
ADDED from DroidPluginApp/DroidPlugin/AndroidManifest.xml:49:5-86
	android:name
		ADDED from DroidPluginApp/DroidPlugin/AndroidManifest.xml:49:22-83
uses-permission#android.permission.CHANGE_WIFI_STATE
ADDED from DroidPluginApp/DroidPlugin/AndroidManifest.xml:50:5-76
	android:name
		ADDED from DroidPluginApp/DroidPlugin/AndroidManifest.xml:50:22-73
uses-permission#android.permission.CHANGE_WIMAX_STATE
ADDED from DroidPluginApp/DroidPlugin/AndroidManifest.xml:51:5-77
	android:name
		ADDED from DroidPluginApp/DroidPlugin/AndroidManifest.xml:51:22-74
uses-permission#android.permission.CLEAR_APP_CACHE
ADDED from DroidPluginApp/DroidPlugin/AndroidManifest.xml:52:5-74
	android:name
		ADDED from DroidPluginApp/DroidPlugin/AndroidManifest.xml:52:22-71
uses-permission#android.permission.DISABLE_KEYGUARD
ADDED from DroidPluginApp/DroidPlugin/AndroidManifest.xml:53:5-75
	android:name
		ADDED from DroidPluginApp/DroidPlugin/AndroidManifest.xml:53:22-72
uses-permission#android.permission.DOWNLOAD_WITHOUT_NOTIFICATION
ADDED from DroidPluginApp/DroidPlugin/AndroidManifest.xml:54:5-88
	android:name
		ADDED from DroidPluginApp/DroidPlugin/AndroidManifest.xml:54:22-85
uses-permission#android.permission.EXPAND_STATUS_BAR
ADDED from DroidPluginApp/DroidPlugin/AndroidManifest.xml:55:5-76
	android:name
		ADDED from DroidPluginApp/DroidPlugin/AndroidManifest.xml:55:22-73
uses-permission#android.permission.FLASHLIGHT
ADDED from DroidPluginApp/DroidPlugin/AndroidManifest.xml:56:5-69
	android:name
		ADDED from DroidPluginApp/DroidPlugin/AndroidManifest.xml:56:22-66
uses-permission#android.permission.GET_ACCOUNTS
ADDED from DroidPluginApp/DroidPlugin/AndroidManifest.xml:57:5-71
	android:name
		ADDED from DroidPluginApp/DroidPlugin/AndroidManifest.xml:57:22-68
uses-permission#android.permission.GET_PACKAGE_SIZE
ADDED from DroidPluginApp/DroidPlugin/AndroidManifest.xml:58:5-75
	android:name
		ADDED from DroidPluginApp/DroidPlugin/AndroidManifest.xml:58:22-72
uses-permission#android.permission.GET_TASKS
ADDED from DroidPluginApp/DroidPlugin/AndroidManifest.xml:59:5-68
	android:name
		ADDED from DroidPluginApp/DroidPlugin/AndroidManifest.xml:59:22-65
uses-permission#android.permission.INTERNET
ADDED from DroidPluginApp/DroidPlugin/AndroidManifest.xml:60:5-67
	android:name
		ADDED from DroidPluginApp/DroidPlugin/AndroidManifest.xml:60:22-64
uses-permission#android.permission.KILL_BACKGROUND_PROCESSES
ADDED from DroidPluginApp/DroidPlugin/AndroidManifest.xml:61:5-84
	android:name
		ADDED from DroidPluginApp/DroidPlugin/AndroidManifest.xml:61:22-81
uses-permission#android.permission.MANAGE_ACCOUNTS
ADDED from DroidPluginApp/DroidPlugin/AndroidManifest.xml:62:5-74
	android:name
		ADDED from DroidPluginApp/DroidPlugin/AndroidManifest.xml:62:22-71
uses-permission#android.permission.MODIFY_AUDIO_SETTINGS
ADDED from DroidPluginApp/DroidPlugin/AndroidManifest.xml:63:5-80
	android:name
		ADDED from DroidPluginApp/DroidPlugin/AndroidManifest.xml:63:22-77
uses-permission#android.permission.NFC
ADDED from DroidPluginApp/DroidPlugin/AndroidManifest.xml:64:5-62
	android:name
		ADDED from DroidPluginApp/DroidPlugin/AndroidManifest.xml:64:22-59
uses-permission#android.permission.PERSISTENT_ACTIVITY
ADDED from DroidPluginApp/DroidPlugin/AndroidManifest.xml:65:5-78
	android:name
		ADDED from DroidPluginApp/DroidPlugin/AndroidManifest.xml:65:22-75
uses-permission#android.permission.PROCESS_OUTGOING_CALLS
ADDED from DroidPluginApp/DroidPlugin/AndroidManifest.xml:66:5-81
	android:name
		ADDED from DroidPluginApp/DroidPlugin/AndroidManifest.xml:66:22-78
uses-permission#android.permission.READ_CALENDAR
ADDED from DroidPluginApp/DroidPlugin/AndroidManifest.xml:67:5-72
	android:name
		ADDED from DroidPluginApp/DroidPlugin/AndroidManifest.xml:67:22-69
uses-permission#android.permission.READ_CALL_LOG
ADDED from DroidPluginApp/DroidPlugin/AndroidManifest.xml:68:5-72
	android:name
		ADDED from DroidPluginApp/DroidPlugin/AndroidManifest.xml:68:22-69
uses-permission#android.permission.READ_CELL_BROADCASTS
ADDED from DroidPluginApp/DroidPlugin/AndroidManifest.xml:69:5-79
	android:name
		ADDED from DroidPluginApp/DroidPlugin/AndroidManifest.xml:69:22-76
uses-permission#android.permission.READ_CONTACTS
ADDED from DroidPluginApp/DroidPlugin/AndroidManifest.xml:70:5-72
	android:name
		ADDED from DroidPluginApp/DroidPlugin/AndroidManifest.xml:70:22-69
uses-permission#android.permission.READ_EXTERNAL_STORAGE
ADDED from DroidPluginApp/DroidPlugin/AndroidManifest.xml:71:5-80
	android:name
		ADDED from DroidPluginApp/DroidPlugin/AndroidManifest.xml:71:22-77
uses-permission#android.permission.READ_INSTALL_SESSIONS
ADDED from DroidPluginApp/DroidPlugin/AndroidManifest.xml:72:5-80
	android:name
		ADDED from DroidPluginApp/DroidPlugin/AndroidManifest.xml:72:22-77
uses-permission#android.permission.READ_PHONE_STATE
ADDED from DroidPluginApp/DroidPlugin/AndroidManifest.xml:73:5-75
	android:name
		ADDED from DroidPluginApp/DroidPlugin/AndroidManifest.xml:73:22-72
uses-permission#android.permission.READ_PROFILE
ADDED from DroidPluginApp/DroidPlugin/AndroidManifest.xml:74:5-71
	android:name
		ADDED from DroidPluginApp/DroidPlugin/AndroidManifest.xml:74:22-68
uses-permission#android.permission.READ_SMS
ADDED from DroidPluginApp/DroidPlugin/AndroidManifest.xml:75:5-67
	android:name
		ADDED from DroidPluginApp/DroidPlugin/AndroidManifest.xml:75:22-64
uses-permission#android.permission.READ_SOCIAL_STREAM
ADDED from DroidPluginApp/DroidPlugin/AndroidManifest.xml:76:5-77
	android:name
		ADDED from DroidPluginApp/DroidPlugin/AndroidManifest.xml:76:22-74
uses-permission#android.permission.READ_SYNC_SETTINGS
ADDED from DroidPluginApp/DroidPlugin/AndroidManifest.xml:77:5-77
	android:name
		ADDED from DroidPluginApp/DroidPlugin/AndroidManifest.xml:77:22-74
uses-permission#android.permission.READ_SYNC_STATS
ADDED from DroidPluginApp/DroidPlugin/AndroidManifest.xml:78:5-74
	android:name
		ADDED from DroidPluginApp/DroidPlugin/AndroidManifest.xml:78:22-71
uses-permission#android.permission.READ_USER_DICTIONARY
ADDED from DroidPluginApp/DroidPlugin/AndroidManifest.xml:79:5-79
	android:name
		ADDED from DroidPluginApp/DroidPlugin/AndroidManifest.xml:79:22-76
uses-permission#android.permission.RECEIVE_BOOT_COMPLETED
ADDED from DroidPluginApp/DroidPlugin/AndroidManifest.xml:80:5-81
	android:name
		ADDED from DroidPluginApp/DroidPlugin/AndroidManifest.xml:80:22-78
uses-permission#android.permission.RECEIVE_MMS
ADDED from DroidPluginApp/DroidPlugin/AndroidManifest.xml:81:5-70
	android:name
		ADDED from DroidPluginApp/DroidPlugin/AndroidManifest.xml:81:22-67
uses-permission#android.permission.RECEIVE_SMS
ADDED from DroidPluginApp/DroidPlugin/AndroidManifest.xml:82:5-70
	android:name
		ADDED from DroidPluginApp/DroidPlugin/AndroidManifest.xml:82:22-67
uses-permission#android.permission.RECEIVE_WAP_PUSH
ADDED from DroidPluginApp/DroidPlugin/AndroidManifest.xml:83:5-75
	android:name
		ADDED from DroidPluginApp/DroidPlugin/AndroidManifest.xml:83:22-72
uses-permission#android.permission.RECORD_AUDIO
ADDED from DroidPluginApp/DroidPlugin/AndroidManifest.xml:84:5-71
	android:name
		ADDED from DroidPluginApp/DroidPlugin/AndroidManifest.xml:84:22-68
uses-permission#android.permission.REORDER_TASKS
ADDED from DroidPluginApp/DroidPlugin/AndroidManifest.xml:85:5-72
	android:name
		ADDED from DroidPluginApp/DroidPlugin/AndroidManifest.xml:85:22-69
uses-permission#android.permission.RESTART_PACKAGES
ADDED from DroidPluginApp/DroidPlugin/AndroidManifest.xml:86:5-75
	android:name
		ADDED from DroidPluginApp/DroidPlugin/AndroidManifest.xml:86:22-72
uses-permission#android.permission.SEND_SMS
ADDED from DroidPluginApp/DroidPlugin/AndroidManifest.xml:87:5-67
	android:name
		ADDED from DroidPluginApp/DroidPlugin/AndroidManifest.xml:87:22-64
uses-permission#android.permission.SET_TIME_ZONE
ADDED from DroidPluginApp/DroidPlugin/AndroidManifest.xml:88:5-72
	android:name
		ADDED from DroidPluginApp/DroidPlugin/AndroidManifest.xml:88:22-69
uses-permission#android.permission.SET_WALLPAPER
ADDED from DroidPluginApp/DroidPlugin/AndroidManifest.xml:89:5-72
	android:name
		ADDED from DroidPluginApp/DroidPlugin/AndroidManifest.xml:89:22-69
uses-permission#android.permission.SET_WALLPAPER_HINTS
ADDED from DroidPluginApp/DroidPlugin/AndroidManifest.xml:90:5-78
	android:name
		ADDED from DroidPluginApp/DroidPlugin/AndroidManifest.xml:90:22-75
uses-permission#android.permission.SUBSCRIBED_FEEDS_READ
ADDED from DroidPluginApp/DroidPlugin/AndroidManifest.xml:91:5-80
	android:name
		ADDED from DroidPluginApp/DroidPlugin/AndroidManifest.xml:91:22-77
uses-permission#android.permission.SUBSCRIBED_FEEDS_WRITE
ADDED from DroidPluginApp/DroidPlugin/AndroidManifest.xml:92:5-81
	android:name
		ADDED from DroidPluginApp/DroidPlugin/AndroidManifest.xml:92:22-78
uses-permission#android.permission.SYSTEM_ALERT_WINDOW
ADDED from DroidPluginApp/DroidPlugin/AndroidManifest.xml:93:5-78
	android:name
		ADDED from DroidPluginApp/DroidPlugin/AndroidManifest.xml:93:22-75
uses-permission#android.permission.TRANSMIT_IR
ADDED from DroidPluginApp/DroidPlugin/AndroidManifest.xml:94:5-70
	android:name
		ADDED from DroidPluginApp/DroidPlugin/AndroidManifest.xml:94:22-67
uses-permission#android.permission.USE_CREDENTIALS
ADDED from DroidPluginApp/DroidPlugin/AndroidManifest.xml:95:5-74
	android:name
		ADDED from DroidPluginApp/DroidPlugin/AndroidManifest.xml:95:22-71
uses-permission#android.permission.USE_SIP
ADDED from DroidPluginApp/DroidPlugin/AndroidManifest.xml:96:5-66
	android:name
		ADDED from DroidPluginApp/DroidPlugin/AndroidManifest.xml:96:22-63
uses-permission#android.permission.VIBRATE
ADDED from DroidPluginApp/DroidPlugin/AndroidManifest.xml:97:5-66
	android:name
		ADDED from DroidPluginApp/DroidPlugin/AndroidManifest.xml:97:22-63
uses-permission#android.permission.WAKE_LOCK
ADDED from DroidPluginApp/DroidPlugin/AndroidManifest.xml:98:5-68
	android:name
		ADDED from DroidPluginApp/DroidPlugin/AndroidManifest.xml:98:22-65
uses-permission#android.permission.WRITE_CALENDAR
ADDED from DroidPluginApp/DroidPlugin/AndroidManifest.xml:99:5-73
	android:name
		ADDED from DroidPluginApp/DroidPlugin/AndroidManifest.xml:99:22-70
uses-permission#android.permission.WRITE_CALL_LOG
ADDED from DroidPluginApp/DroidPlugin/AndroidManifest.xml:100:5-73
	android:name
		ADDED from DroidPluginApp/DroidPlugin/AndroidManifest.xml:100:22-70
uses-permission#android.permission.WRITE_CONTACTS
ADDED from DroidPluginApp/DroidPlugin/AndroidManifest.xml:101:5-73
	android:name
		ADDED from DroidPluginApp/DroidPlugin/AndroidManifest.xml:101:22-70
uses-permission#android.permission.WRITE_EXTERNAL_STORAGE
ADDED from DroidPluginApp/DroidPlugin/AndroidManifest.xml:102:5-81
	android:name
		ADDED from DroidPluginApp/DroidPlugin/AndroidManifest.xml:102:22-78
uses-permission#android.permission.WRITE_PROFILE
ADDED from DroidPluginApp/DroidPlugin/AndroidManifest.xml:103:5-72
	android:name
		ADDED from DroidPluginApp/DroidPlugin/AndroidManifest.xml:103:22-69
uses-permission#android.permission.WRITE_SETTINGS
ADDED from DroidPluginApp/DroidPlugin/AndroidManifest.xml:104:5-73
	android:name
		ADDED from DroidPluginApp/DroidPlugin/AndroidManifest.xml:104:22-70
uses-permission#android.permission.WRITE_SMS
ADDED from DroidPluginApp/DroidPlugin/AndroidManifest.xml:105:5-68
	android:name
		ADDED from DroidPluginApp/DroidPlugin/AndroidManifest.xml:105:22-65
uses-permission#android.permission.WRITE_SOCIAL_STREAM
ADDED from DroidPluginApp/DroidPlugin/AndroidManifest.xml:106:5-78
	android:name
		ADDED from DroidPluginApp/DroidPlugin/AndroidManifest.xml:106:22-75
uses-permission#android.permission.WRITE_SYNC_SETTINGS
ADDED from DroidPluginApp/DroidPlugin/AndroidManifest.xml:107:5-78
	android:name
		ADDED from DroidPluginApp/DroidPlugin/AndroidManifest.xml:107:22-75
uses-permission#android.permission.WRITE_USER_DICTIONARY
ADDED from DroidPluginApp/DroidPlugin/AndroidManifest.xml:108:5-80
	android:name
		ADDED from DroidPluginApp/DroidPlugin/AndroidManifest.xml:108:22-77
uses-permission#com.android.alarm.permission.SET_ALARM
ADDED from DroidPluginApp/DroidPlugin/AndroidManifest.xml:109:5-78
	android:name
		ADDED from DroidPluginApp/DroidPlugin/AndroidManifest.xml:109:22-75
uses-permission#com.android.browser.permission.READ_HISTORY_BOOKMARKS
ADDED from DroidPluginApp/DroidPlugin/AndroidManifest.xml:110:5-93
	android:name
		ADDED from DroidPluginApp/DroidPlugin/AndroidManifest.xml:110:22-90
uses-permission#com.android.browser.permission.WRITE_HISTORY_BOOKMARKS
ADDED from DroidPluginApp/DroidPlugin/AndroidManifest.xml:111:5-94
	android:name
		ADDED from DroidPluginApp/DroidPlugin/AndroidManifest.xml:111:22-91
uses-permission#com.android.launcher.permission.INSTALL_SHORTCUT
ADDED from DroidPluginApp/DroidPlugin/AndroidManifest.xml:112:5-88
	android:name
		ADDED from DroidPluginApp/DroidPlugin/AndroidManifest.xml:112:22-85
uses-permission#com.android.launcher.permission.UNINSTALL_SHORTCUT
ADDED from DroidPluginApp/DroidPlugin/AndroidManifest.xml:113:5-90
	android:name
		ADDED from DroidPluginApp/DroidPlugin/AndroidManifest.xml:113:22-87
uses-permission#com.android.vending.BILLING
ADDED from DroidPluginApp/DroidPlugin/AndroidManifest.xml:114:5-67
	android:name
		ADDED from DroidPluginApp/DroidPlugin/AndroidManifest.xml:114:22-64
uses-permission#com.android.vending.CHECK_LICENSE
ADDED from DroidPluginApp/DroidPlugin/AndroidManifest.xml:115:5-73
	android:name
		ADDED from DroidPluginApp/DroidPlugin/AndroidManifest.xml:115:22-70
uses-permission#com.android.voicemail.permission.ADD_VOICEMAIL
ADDED from DroidPluginApp/DroidPlugin/AndroidManifest.xml:116:5-86
	android:name
		ADDED from DroidPluginApp/DroidPlugin/AndroidManifest.xml:116:22-83
uses-permission#com.google.android.c2dm.permission.RECEIVE
ADDED from DroidPluginApp/DroidPlugin/AndroidManifest.xml:117:5-82
	android:name
		ADDED from DroidPluginApp/DroidPlugin/AndroidManifest.xml:117:22-79
uses-permission#com.google.android.gms.permission.ACTIVITY_RECOGNITION
ADDED from DroidPluginApp/DroidPlugin/AndroidManifest.xml:118:5-94
	android:name
		ADDED from DroidPluginApp/DroidPlugin/AndroidManifest.xml:118:22-91
uses-permission#com.google.android.gms.permission.AD_ID_NOTIFICATION
ADDED from DroidPluginApp/DroidPlugin/AndroidManifest.xml:119:5-92
	android:name
		ADDED from DroidPluginApp/DroidPlugin/AndroidManifest.xml:119:22-89
uses-permission#com.google.android.googleapps.permission.GOOGLE_AUTH
ADDED from DroidPluginApp/DroidPlugin/AndroidManifest.xml:120:5-92
	android:name
		ADDED from DroidPluginApp/DroidPlugin/AndroidManifest.xml:120:22-89
uses-permission#com.google.android.googleapps.permission.GOOGLE_AUTH.OTHER_SERVICES
ADDED from DroidPluginApp/DroidPlugin/AndroidManifest.xml:121:5-107
	android:name
		ADDED from DroidPluginApp/DroidPlugin/AndroidManifest.xml:121:22-104
uses-permission#com.google.android.googleapps.permission.GOOGLE_AUTH.YouTubeUser
ADDED from DroidPluginApp/DroidPlugin/AndroidManifest.xml:122:5-104
	android:name
		ADDED from DroidPluginApp/DroidPlugin/AndroidManifest.xml:122:22-101
uses-permission#com.google.android.googleapps.permission.GOOGLE_AUTH.adsense
ADDED from DroidPluginApp/DroidPlugin/AndroidManifest.xml:123:5-100
	android:name
		ADDED from DroidPluginApp/DroidPlugin/AndroidManifest.xml:123:22-97
uses-permission#com.google.android.googleapps.permission.GOOGLE_AUTH.adwords
ADDED from DroidPluginApp/DroidPlugin/AndroidManifest.xml:124:5-100
	android:name
		ADDED from DroidPluginApp/DroidPlugin/AndroidManifest.xml:124:22-97
uses-permission#com.google.android.googleapps.permission.GOOGLE_AUTH.ah
ADDED from DroidPluginApp/DroidPlugin/AndroidManifest.xml:125:5-95
	android:name
		ADDED from DroidPluginApp/DroidPlugin/AndroidManifest.xml:125:22-92
uses-permission#com.google.android.googleapps.permission.GOOGLE_AUTH.android
ADDED from DroidPluginApp/DroidPlugin/AndroidManifest.xml:126:5-100
	android:name
		ADDED from DroidPluginApp/DroidPlugin/AndroidManifest.xml:126:22-97
uses-permission#com.google.android.googleapps.permission.GOOGLE_AUTH.androidsecure
ADDED from DroidPluginApp/DroidPlugin/AndroidManifest.xml:127:5-106
	android:name
		ADDED from DroidPluginApp/DroidPlugin/AndroidManifest.xml:127:22-103
uses-permission#com.google.android.googleapps.permission.GOOGLE_AUTH.blogger
ADDED from DroidPluginApp/DroidPlugin/AndroidManifest.xml:128:5-100
	android:name
		ADDED from DroidPluginApp/DroidPlugin/AndroidManifest.xml:128:22-97
uses-permission#com.google.android.googleapps.permission.GOOGLE_AUTH.cl
ADDED from DroidPluginApp/DroidPlugin/AndroidManifest.xml:129:5-95
	android:name
		ADDED from DroidPluginApp/DroidPlugin/AndroidManifest.xml:129:22-92
uses-permission#com.google.android.googleapps.permission.GOOGLE_AUTH.cp
ADDED from DroidPluginApp/DroidPlugin/AndroidManifest.xml:130:5-95
	android:name
		ADDED from DroidPluginApp/DroidPlugin/AndroidManifest.xml:130:22-92
uses-permission#com.google.android.googleapps.permission.GOOGLE_AUTH.dodgeball
ADDED from DroidPluginApp/DroidPlugin/AndroidManifest.xml:131:5-102
	android:name
		ADDED from DroidPluginApp/DroidPlugin/AndroidManifest.xml:131:22-99
uses-permission#com.google.android.googleapps.permission.GOOGLE_AUTH.finance
ADDED from DroidPluginApp/DroidPlugin/AndroidManifest.xml:132:5-100
	android:name
		ADDED from DroidPluginApp/DroidPlugin/AndroidManifest.xml:132:22-97
uses-permission#com.google.android.googleapps.permission.GOOGLE_AUTH.gbase
ADDED from DroidPluginApp/DroidPlugin/AndroidManifest.xml:133:5-98
	android:name
		ADDED from DroidPluginApp/DroidPlugin/AndroidManifest.xml:133:22-95
uses-permission#com.google.android.googleapps.permission.GOOGLE_AUTH.grandcentral
ADDED from DroidPluginApp/DroidPlugin/AndroidManifest.xml:134:5-105
	android:name
		ADDED from DroidPluginApp/DroidPlugin/AndroidManifest.xml:134:22-102
uses-permission#com.google.android.googleapps.permission.GOOGLE_AUTH.groups2
ADDED from DroidPluginApp/DroidPlugin/AndroidManifest.xml:135:5-100
	android:name
		ADDED from DroidPluginApp/DroidPlugin/AndroidManifest.xml:135:22-97
uses-permission#com.google.android.googleapps.permission.GOOGLE_AUTH.health
ADDED from DroidPluginApp/DroidPlugin/AndroidManifest.xml:136:5-99
	android:name
		ADDED from DroidPluginApp/DroidPlugin/AndroidManifest.xml:136:22-96
uses-permission#com.google.android.googleapps.permission.GOOGLE_AUTH.ig
ADDED from DroidPluginApp/DroidPlugin/AndroidManifest.xml:137:5-95
	android:name
		ADDED from DroidPluginApp/DroidPlugin/AndroidManifest.xml:137:22-92
uses-permission#com.google.android.googleapps.permission.GOOGLE_AUTH.jotspot
ADDED from DroidPluginApp/DroidPlugin/AndroidManifest.xml:138:5-100
	android:name
		ADDED from DroidPluginApp/DroidPlugin/AndroidManifest.xml:138:22-97
uses-permission#com.google.android.googleapps.permission.GOOGLE_AUTH.knol
ADDED from DroidPluginApp/DroidPlugin/AndroidManifest.xml:139:5-97
	android:name
		ADDED from DroidPluginApp/DroidPlugin/AndroidManifest.xml:139:22-94
uses-permission#com.google.android.googleapps.permission.GOOGLE_AUTH.lh2
ADDED from DroidPluginApp/DroidPlugin/AndroidManifest.xml:140:5-96
	android:name
		ADDED from DroidPluginApp/DroidPlugin/AndroidManifest.xml:140:22-93
uses-permission#com.google.android.googleapps.permission.GOOGLE_AUTH.local
ADDED from DroidPluginApp/DroidPlugin/AndroidManifest.xml:141:5-98
	android:name